<?xml version="1.0" encoding="UTF-8"?>
<!-- Generated by org.testng.reporters.JUnitReportReporter -->
<testsuite hostname="LTIN242629" failures="0" tests="1" name="testCases.TC_002" time="14.783" errors="0" timestamp="2024-02-14T16:39:00 IST" skipped="0">
  <testcase classname="testCases.TC_002" name="secondcase" time="14.783"/>
</testsuite> <!-- testCases.TC_002 -->
