<?xml version="1.0" encoding="UTF-8"?>
<!-- Generated by org.testng.reporters.JUnitReportReporter -->
<testsuite hostname="LTIN242629" failures="0" tests="1" name="testCases.TC_001" time="15.131" errors="0" timestamp="2024-02-14T14:22:53 IST" skipped="0">
  <testcase classname="testCases.TC_001" name="SearchServices" time="15.131"/>
</testsuite> <!-- testCases.TC_001 -->
