<?xml version="1.0" encoding="UTF-8"?>
<!-- Generated by org.testng.reporters.JUnitReportReporter -->
<testsuite hostname="LTIN242629" failures="0" tests="1" name="testCases.TC_003" time="6.970" errors="0" timestamp="2024-02-14T17:32:19 IST" skipped="0">
  <testcase classname="testCases.TC_003" name="thirdcase" time="6.970"/>
</testsuite> <!-- testCases.TC_003 -->
